MobAPI/build/outputs/logs/manifest-merger-debug-report.txt
-- Merging decision tree log ---
manifest
ADDED from EasyReadingAndroidMVP\MobAPI\AndroidManifest.xml:1:1-12:12
INJECTED from EasyReadingAndroidMVP\MobAPI\AndroidManifest.xml:1:1-12:12
INJECTED from EasyReadingAndroidMVP\MobAPI\AndroidManifest.xml:1:1-12:12
INJECTED from EasyReadingAndroidMVP\MobAPI\AndroidManifest.xml:1:1-12:12
INJECTED from EasyReadingAndroidMVP\MobAPI\AndroidManifest.xml:1:1-12:12
INJECTED from EasyReadingAndroidMVP\MobAPI\AndroidManifest.xml:1:1-12:12
INJECTED from EasyReadingAndroidMVP\MobAPI\AndroidManifest.xml:1:1-12:12
	package
		ADDED from EasyReadingAndroidMVP\MobAPI\AndroidManifest.xml:2:5-29
		INJECTED from EasyReadingAndroidMVP\MobAPI\AndroidManifest.xml
		INJECTED from EasyReadingAndroidMVP\MobAPI\AndroidManifest.xml
	android:versionName
		ADDED from EasyReadingAndroidMVP\MobAPI\AndroidManifest.xml:4:5-30
		INJECTED from EasyReadingAndroidMVP\MobAPI\AndroidManifest.xml
		INJECTED from EasyReadingAndroidMVP\MobAPI\AndroidManifest.xml
	xmlns:android
		ADDED from EasyReadingAndroidMVP\MobAPI\AndroidManifest.xml:1:11-69
	android:versionCode
		ADDED from EasyReadingAndroidMVP\MobAPI\AndroidManifest.xml:3:5-28
		INJECTED from EasyReadingAndroidMVP\MobAPI\AndroidManifest.xml
		INJECTED from EasyReadingAndroidMVP\MobAPI\AndroidManifest.xml
uses-sdk
ADDED from EasyReadingAndroidMVP\MobAPI\AndroidManifest.xml:6:5-8:41
INJECTED from EasyReadingAndroidMVP\MobAPI\AndroidManifest.xml:6:5-8:41
INJECTED from EasyReadingAndroidMVP\MobAPI\AndroidManifest.xml:6:5-8:41
INJECTED from EasyReadingAndroidMVP\MobAPI\AndroidManifest.xml:6:5-8:41
INJECTED from EasyReadingAndroidMVP\MobAPI\AndroidManifest.xml:6:5-8:41
	android:targetSdkVersion
		ADDED from EasyReadingAndroidMVP\MobAPI\AndroidManifest.xml:8:9-38
		INJECTED from EasyReadingAndroidMVP\MobAPI\AndroidManifest.xml
		INJECTED from EasyReadingAndroidMVP\MobAPI\AndroidManifest.xml
	android:minSdkVersion
		ADDED from EasyReadingAndroidMVP\MobAPI\AndroidManifest.xml:7:9-34
		INJECTED from EasyReadingAndroidMVP\MobAPI\AndroidManifest.xml
		INJECTED from EasyReadingAndroidMVP\MobAPI\AndroidManifest.xml
application
ADDED from EasyReadingAndroidMVP\MobAPI\AndroidManifest.xml:10:5-19